This is pdfTeX, Version 3.141592653-2.6-1.40.24 (TeX Live 2022/nixos.org) (preloaded format=pdflatex 1980.1.1)  19 DEC 2023 18:25
entering extended mode
 restricted \write18 enabled.
 %&-line parsing enabled.
**./uploads/54f5f41c40e640a38d95531b86b3b0cb.tex
(./uploads/54f5f41c40e640a38d95531b86b3b0cb.tex
LaTeX2e <2022-11-01> patch level 1
L3 programming layer <2023-02-22>
(/nix/store/9wq3zdjwk8xbv9wv646pciagajhmz9ic-texlive-2022-env-texmfdist/tex/lat
ex/base/article.cls
Document Class: article 2022/07/02 v1.4n Standard LaTeX document class

(/nix/store/9wq3zdjwk8xbv9wv646pciagajhmz9ic-texlive-2022-env-texmfdist/tex/lat
ex/base/size10.clo
File: size10.clo 2022/07/02 v1.4n Standard LaTeX file (size option)
)
\c@part=\count185
\c@section=\count186
\c@subsection=\count187
\c@subsubsection=\count188
\c@paragraph=\count189
\c@subparagraph=\count190
\c@figure=\count191
\c@table=\count192
\abovecaptionskip=\skip48
\belowcaptionskip=\skip49
\bibindent=\dimen140
)
(/nix/store/9wq3zdjwk8xbv9wv646pciagajhmz9ic-texlive-2022-env-texmfdist/tex/lat
ex/l3backend/l3backend-pdftex.def
File: l3backend-pdftex.def 2023-01-16 L3 backend support: PDF output (pdfTeX)
\l__color_backend_stack_int=\count193
\l__pdf_internal_box=\box51
)
No file 54f5f41c40e640a38d95531b86b3b0cb.aux.
\openout1 = `54f5f41c40e640a38d95531b86b3b0cb.aux'.

LaTeX Font Info:    Checking defaults for OML/cmm/m/it on input line 2.
LaTeX Font Info:    ... okay on input line 2.
LaTeX Font Info:    Checking defaults for OMS/cmsy/m/n on input line 2.
LaTeX Font Info:    ... okay on input line 2.
LaTeX Font Info:    Checking defaults for OT1/cmr/m/n on input line 2.
LaTeX Font Info:    ... okay on input line 2.
LaTeX Font Info:    Checking defaults for T1/cmr/m/n on input line 2.
LaTeX Font Info:    ... okay on input line 2.
LaTeX Font Info:    Checking defaults for TS1/cmr/m/n on input line 2.
LaTeX Font Info:    ... okay on input line 2.
LaTeX Font Info:    Checking defaults for OMX/cmex/m/n on input line 2.
LaTeX Font Info:    ... okay on input line 2.
LaTeX Font Info:    Checking defaults for U/cmr/m/n on input line 2.
LaTeX Font Info:    ... okay on input line 2.
[1

{/nix/store/5mf6pwbkyhn3f42vm55w1afvkxzbqcb3-texlive-2022-env/share/texmf-var/f
onts/map/pdftex/updmap/pdftex.map}]
(./outputs/54f5f41c40e640a38d95531b86b3b0cb.aux) ) 
Here is how much of TeX's memory you used:
 424 strings out of 477138
 8711 string characters out of 5799522
 1849388 words of memory out of 5000000
 20783 multiletter control sequences out of 15000+600000
 512287 words of font info for 32 fonts, out of 8000000 for 9000
 430 hyphenation exceptions out of 8191
 34i,5n,38p,177b,107s stack positions out of 10000i,1000n,20000p,200000b,200000s
</nix/store/9wq3zdjwk8xbv9wv6
46pciagajhmz9ic-texlive-2022-env-texmfdist/fonts/type1/public/amsfonts/cm/cmr10
.pfb>
Output written on ./outputs/54f5f41c40e640a38d95531b86b3b0cb.pdf (1 page, 13050
 bytes).
PDF statistics:
 13 PDF objects out of 1000 (max. 8388607)
 7 compressed objects within 1 object stream
 0 named destinations out of 1000 (max. 500000)
 1 words of extra memory for PDF output out of 10000 (max. 10000000)

